TN:
SF:src\lib\habits.ts
FN:3,toggleHabitCompletion
FNF:1
FNH:1
FNDA:4,toggleHabitCompletion
DA:1,1
DA:2,1
DA:3,1
DA:4,4
DA:5,4
DA:6,4
DA:7,4
DA:8,3
DA:9,4
DA:10,1
DA:11,1
DA:12,4
DA:13,4
DA:14,4
DA:15,4
DA:16,4
DA:17,4
LF:17
LH:17
BRDA:3,0,0,4
BRDA:7,1,0,3
BRDA:9,2,0,1
BRF:3
BRH:3
end_of_record
TN:
SF:src\lib\slug.ts
FN:1,getHabitSlug
FNF:1
FNH:1
FNDA:11,getHabitSlug
DA:1,1
DA:2,11
DA:3,11
DA:4,11
DA:5,11
DA:6,11
DA:7,11
DA:8,11
LF:8
LH:8
BRDA:1,0,0,11
BRF:1
BRH:1
end_of_record
TN:
SF:src\lib\streaks.ts
FN:1,calculateCurrentStreak
FNF:1
FNH:1
FNDA:15,calculateCurrentStreak
DA:1,1
DA:2,15
DA:3,15
DA:4,15
DA:5,15
DA:6,15
DA:7,15
DA:8,15
DA:9,15
DA:10,15
DA:11,9
DA:12,9
DA:13,9
DA:14,9
DA:15,15
DA:16,25
DA:17,25
DA:18,16
DA:19,16
DA:20,24
DA:21,9
DA:22,9
DA:23,25
DA:24,9
DA:25,9
DA:26,9
LF:26
LH:26
BRDA:1,0,0,15
BRDA:5,1,0,0
BRDA:10,2,0,6
BRDA:10,3,0,9
BRDA:15,4,0,25
BRDA:17,5,0,24
BRDA:17,6,0,16
BRDA:20,7,0,9
BRDA:23,8,0,9
BRF:9
BRH:8
end_of_record
TN:
SF:src\lib\validators.ts
FN:1,validateHabitName
FNF:1
FNH:1
FNDA:8,validateHabitName
DA:1,1
DA:2,8
DA:3,8
DA:4,8
DA:5,8
DA:6,8
DA:7,8
DA:8,8
DA:9,3
DA:10,3
DA:11,5
DA:12,8
DA:13,1
DA:14,1
DA:15,4
DA:16,4
DA:17,4
LF:17
LH:17
BRDA:1,0,0,8
BRDA:8,1,0,3
BRDA:10,2,0,5
BRDA:12,3,0,1
BRDA:14,4,0,4
BRF:5
BRH:5
end_of_record
